{
  "Cucumber Features": {
    "coverage": {
      "/home/ubuntu/selt/selt_team6/webapp/app/controllers/application_controller.rb": [
        1,
        1,
        1,
        null,
        null,
        1,
        1,
        40,
        5,
        5,
        null,
        null
      ],
      "/home/ubuntu/selt/selt_team6/webapp/app/helpers/application_helper.rb": [
        1,
        null
      ],
      "/home/ubuntu/selt/selt_team6/webapp/app/helpers/request_helper.rb": [
        1,
        null
      ],
      "/home/ubuntu/selt/selt_team6/webapp/app/helpers/update_helper.rb": [
        1,
        null
      ],
      "/home/ubuntu/selt/selt_team6/webapp/app/helpers/user_helper.rb": [
        1,
        null
      ],
      "/home/ubuntu/selt/selt_team6/webapp/app/controllers/request_controller.rb": [
        1,
        null,
        1,
        null,
        1,
        0,
        null,
        null,
        1,
        0,
        null,
        null,
        null,
        1,
        0,
        0,
        null,
        0,
        0,
        0,
        0,
        0,
        0,
        0,
        0,
        null,
        0,
        0,
        0,
        null,
        0,
        null,
        null,
        0,
        null,
        null,
        1,
        null,
        null,
        1,
        0,
        0,
        0,
        0,
        null,
        null,
        1,
        0,
        0,
        0,
        0,
        null,
        null,
        1,
        15,
        5,
        2,
        2,
        null,
        0,
        0,
        null,
        3,
        1,
        2,
        1,
        0,
        1,
        0,
        null,
        1,
        null,
        1,
        1,
        0,
        1,
        0,
        null,
        1,
        null,
        0,
        0,
        null,
        5,
        3,
        3,
        2,
        1,
        1,
        1,
        null,
        0,
        null,
        null,
        1,
        null,
        null,
        10,
        null,
        null,
        null,
        null,
        1,
        null,
        null,
        1,
        0,
        0,
        null,
        0,
        0,
        0,
        0,
        0,
        0,
        0,
        0,
        0,
        0,
        0,
        null,
        null
      ],
      "/home/ubuntu/selt/selt_team6/webapp/app/models/request.rb": [
        1,
        1,
        1,
        null
      ],
      "/home/ubuntu/selt/selt_team6/webapp/app/controllers/user_controller.rb": [
        1,
        1,
        null,
        null,
        1,
        null,
        null,
        1,
        0,
        0,
        0,
        0,
        0,
        null,
        0,
        0,
        0,
        null,
        0,
        0,
        0,
        0,
        0,
        0,
        null,
        0,
        0,
        null,
        null,
        0,
        0,
        null,
        null,
        0,
        0,
        null,
        null,
        0,
        0,
        null,
        0,
        null,
        null,
        null,
        1,
        null,
        null,
        1,
        0,
        null,
        null,
        1,
        12,
        12,
        9,
        9,
        9,
        9,
        9,
        null,
        0,
        0,
        null,
        3,
        1,
        1,
        null,
        2,
        2,
        null,
        null,
        null,
        1,
        22,
        0,
        0,
        null,
        0,
        null,
        null,
        null,
        1,
        0,
        0,
        null,
        null
      ],
      "/home/ubuntu/selt/selt_team6/webapp/app/models/user.rb": [
        1,
        1,
        null,
        1,
        12,
        12,
        10,
        10,
        9,
        null,
        1,
        null,
        null,
        2,
        null,
        null,
        null
      ],
      "/home/ubuntu/selt/selt_team6/webapp/app/mailers/user_mailer.rb": [
        1,
        1,
        1,
        0,
        0,
        0,
        0,
        0,
        0,
        null,
        0,
        null,
        null
      ],
      "/home/ubuntu/selt/selt_team6/webapp/app/models/update.rb": [
        1,
        1,
        1,
        null
      ]
    },
    "timestamp": 1368056714
  },
  "RSpec": {
    "coverage": {
      "/home/ubuntu/selt_team6/webapp/app/controllers/application_controller.rb": [
        1,
        1,
        1,
        null,
        null,
        1,
        1,
        0,
        0,
        0,
        null,
        null
      ],
      "/home/ubuntu/selt_team6/webapp/app/helpers/application_helper.rb": [
        1,
        null
      ],
      "/home/ubuntu/selt_team6/webapp/app/helpers/request_helper.rb": [
        1,
        null
      ],
      "/home/ubuntu/selt_team6/webapp/app/helpers/update_helper.rb": [
        1,
        null
      ],
      "/home/ubuntu/selt_team6/webapp/app/helpers/user_helper.rb": [
        1,
        null
      ],
      "/home/ubuntu/selt_team6/webapp/app/controllers/request_controller.rb": [
        1,
        null,
        1,
        1,
        0,
        null,
        null,
        1,
        0,
        null,
        null,
        null,
        1,
        0,
        0,
        null,
        0,
        0,
        0,
        0,
        0,
        0,
        0,
        null,
        0,
        0,
        0,
        null,
        0,
        null,
        null,
        0,
        null,
        null,
        1,
        null,
        null,
        1,
        0,
        0,
        0,
        null,
        null,
        1,
        0,
        0,
        0,
        0,
        null,
        null,
        1,
        0,
        0,
        0,
        0,
        null,
        0,
        0,
        null,
        0,
        0,
        0,
        0,
        0,
        0,
        null,
        0,
        0,
        0,
        0,
        0,
        0,
        0,
        null,
        0,
        null,
        null,
        0,
        null,
        null,
        0,
        null,
        null,
        null,
        null,
        1,
        null,
        null,
        1,
        null,
        null
      ],
      "/home/ubuntu/selt_team6/webapp/app/models/request.rb": [
        1,
        1,
        1,
        null
      ],
      "/home/ubuntu/selt_team6/webapp/app/controllers/user_controller.rb": [
        1,
        1,
        null,
        1,
        null,
        null,
        1,
        0,
        0,
        0,
        0,
        0,
        0,
        0,
        null,
        0,
        0,
        null,
        0,
        0,
        0,
        null,
        0,
        0,
        null,
        null,
        null,
        1,
        0,
        0,
        0,
        null,
        0,
        null,
        null,
        null,
        null,
        null
      ],
      "/home/ubuntu/selt_team6/webapp/app/models/user.rb": [
        1,
        1,
        null,
        1,
        0,
        0,
        0,
        0,
        0,
        null,
        0,
        null,
        null,
        0,
        null,
        null,
        null
      ],
      "/home/ubuntu/selt_team6/webapp/app/mailers/user_mailer.rb": [
        1,
        1,
        1,
        0,
        0,
        0,
        0,
        0,
        0,
        null,
        0,
        null,
        null
      ],
      "/home/ubuntu/selt_team6/webapp/app/models/update.rb": [
        1,
        1,
        1,
        null
      ]
    },
    "timestamp": 1367620176
  }
}
